[2] SERVER -> CLIENT: 220 smtp.gmail.com ESMTP d9443c01a7336-22db51028basm37216435ad.196 - gsmtp

[1] CLIENT -> SERVER: EHLO localhost

[2] SERVER -> CLIENT: 250-smtp.gmail.com at your service, [2402:800:61a7:b0f9:b1c1:2584:5e4c:7342]
250-SIZE 35882577
250-8BITMIME
250-STARTTLS
250-ENHANCEDSTATUSCODES
250-PIPELINING
250-CHUNKING
250 SMTPUTF8

[1] CLIENT -> SERVER: STARTTLS

[2] SERVER -> CLIENT: 220 2.0.0 Ready to start TLS

[1] CLIENT -> SERVER: EHLO localhost

[2] SERVER -> CLIENT: 250-smtp.gmail.com at your service, [2402:800:61a7:b0f9:b1c1:2584:5e4c:7342]
250-SIZE 35882577
250-8BITMIME
250-AUTH LOGIN PLAIN XOAUTH2 PLAIN-CLIENTTOKEN OAUTHBEARER XOAUTH
250-ENHANCEDSTATUSCODES
250-PIPELINING
250-CHUNKING
250 SMTPUTF8

[1] CLIENT -> SERVER: AUTH LOGIN

[2] SERVER -> CLIENT: 334 VXNlcm5hbWU6

[1] CLIENT -> SERVER: [credentials hidden]
[2] SERVER -> CLIENT: 334 UGFzc3dvcmQ6

[1] CLIENT -> SERVER: [credentials hidden]
[2] SERVER -> CLIENT: 235 2.7.0 Accepted

[1] CLIENT -> SERVER: MAIL FROM:<zedt01022004@gmail.com>

[2] SERVER -> CLIENT: 250 2.1.0 OK d9443c01a7336-22db51028basm37216435ad.196 - gsmtp

[1] CLIENT -> SERVER: RCPT TO:<zedt01022004@gmail.com>

[2] SERVER -> CLIENT: 250 2.1.5 OK d9443c01a7336-22db51028basm37216435ad.196 - gsmtp

[1] CLIENT -> SERVER: DATA

[2] SERVER -> CLIENT: 354 Go ahead d9443c01a7336-22db51028basm37216435ad.196 - gsmtp

[1] CLIENT -> SERVER: Date: Fri, 25 Apr 2025 22:57:19 +0200

[1] CLIENT -> SERVER: To: zedt01022004@gmail.com

[1] CLIENT -> SERVER: From: =?iso-8859-1?B?Q+G7rWEgSMOgbmc=?= <zedt01022004@gmail.com>

[1] CLIENT -> SERVER: Subject: =?iso-8859-1?B?xJDhurd0IEzhuqFpIE3huq10IEto4bqpdQ==?=

[1] CLIENT -> SERVER: Message-ID: <mbVSAmrLLzFBEE220utOe0Y3pnl3XfQEbbs0mDSAlc@localhost>

[1] CLIENT -> SERVER: X-Mailer: PHPMailer 6.10.0 (https://github.com/PHPMailer/PHPMailer)

[1] CLIENT -> SERVER: MIME-Version: 1.0

[1] CLIENT -> SERVER: Content-Type: multipart/alternative;

[1] CLIENT -> SERVER:  boundary="b1=_mbVSAmrLLzFBEE220utOe0Y3pnl3XfQEbbs0mDSAlc"

[1] CLIENT -> SERVER: Content-Transfer-Encoding: 8bit

[1] CLIENT -> SERVER: 

[1] CLIENT -> SERVER: --b1=_mbVSAmrLLzFBEE220utOe0Y3pnl3XfQEbbs0mDSAlc

[1] CLIENT -> SERVER: Content-Type: text/plain; charset=iso-8859-1

[1] CLIENT -> SERVER: Content-Transfer-Encoding: 8bit

[1] CLIENT -> SERVER: 

[1] CLIENT -> SERVER: Nhấn vào liên kết sau để đặt lại mật khẩu: http://localhost/Finalweb/php/reset_password.php?token=0ddf53299947af8bc071f73f04f1ef99

[1] CLIENT -> SERVER: 

[1] CLIENT -> SERVER: --b1=_mbVSAmrLLzFBEE220utOe0Y3pnl3XfQEbbs0mDSAlc

[1] CLIENT -> SERVER: Content-Type: text/html; charset=iso-8859-1

[1] CLIENT -> SERVER: Content-Transfer-Encoding: 8bit

[1] CLIENT -> SERVER: 

[1] CLIENT -> SERVER: Nhấn vào liên kết sau để đặt lại mật khẩu: <a href='http://localhost/Finalweb/php/reset_password.php?token=0ddf53299947af8bc071f73f04f1ef99'>http://localhost/Finalweb/php/reset_password.php?token=0ddf53299947af8bc071f73f04f1ef99</a>

[1] CLIENT -> SERVER: 

[1] CLIENT -> SERVER: 

[1] CLIENT -> SERVER: --b1=_mbVSAmrLLzFBEE220utOe0Y3pnl3XfQEbbs0mDSAlc--

[1] CLIENT -> SERVER: 

[1] CLIENT -> SERVER: .

[2] SERVER -> CLIENT: 250 2.0.0 OK  1745614643 d9443c01a7336-22db51028basm37216435ad.196 - gsmtp

[1] CLIENT -> SERVER: QUIT

[2] SERVER -> CLIENT: 221 2.0.0 closing connection d9443c01a7336-22db51028basm37216435ad.196 - gsmtp

[2] SERVER -> CLIENT: 220 smtp.gmail.com ESMTP d9443c01a7336-22db51026dfsm37291555ad.170 - gsmtp

[1] CLIENT -> SERVER: EHLO localhost

[2] SERVER -> CLIENT: 250-smtp.gmail.com at your service, [2402:800:61a7:b0f9:b1c1:2584:5e4c:7342]
250-SIZE 35882577
250-8BITMIME
250-STARTTLS
250-ENHANCEDSTATUSCODES
250-PIPELINING
250-CHUNKING
250 SMTPUTF8

[1] CLIENT -> SERVER: STARTTLS

[2] SERVER -> CLIENT: 220 2.0.0 Ready to start TLS

[1] CLIENT -> SERVER: EHLO localhost

[2] SERVER -> CLIENT: 250-smtp.gmail.com at your service, [2402:800:61a7:b0f9:b1c1:2584:5e4c:7342]
250-SIZE 35882577
250-8BITMIME
250-AUTH LOGIN PLAIN XOAUTH2 PLAIN-CLIENTTOKEN OAUTHBEARER XOAUTH
250-ENHANCEDSTATUSCODES
250-PIPELINING
250-CHUNKING
250 SMTPUTF8

[1] CLIENT -> SERVER: AUTH LOGIN

[2] SERVER -> CLIENT: 334 VXNlcm5hbWU6

[1] CLIENT -> SERVER: [credentials hidden]
[2] SERVER -> CLIENT: 334 UGFzc3dvcmQ6

[1] CLIENT -> SERVER: [credentials hidden]
[2] SERVER -> CLIENT: 235 2.7.0 Accepted

[1] CLIENT -> SERVER: MAIL FROM:<zedt01022004@gmail.com>

[2] SERVER -> CLIENT: 250 2.1.0 OK d9443c01a7336-22db51026dfsm37291555ad.170 - gsmtp

[1] CLIENT -> SERVER: RCPT TO:<zedt01022004@gmail.com>

[2] SERVER -> CLIENT: 250 2.1.5 OK d9443c01a7336-22db51026dfsm37291555ad.170 - gsmtp

[1] CLIENT -> SERVER: DATA

[2] SERVER -> CLIENT: 354 Go ahead d9443c01a7336-22db51026dfsm37291555ad.170 - gsmtp

[1] CLIENT -> SERVER: Date: Fri, 25 Apr 2025 22:57:24 +0200

[1] CLIENT -> SERVER: To: zedt01022004@gmail.com

[1] CLIENT -> SERVER: From: =?iso-8859-1?B?Q+G7rWEgSMOgbmc=?= <zedt01022004@gmail.com>

[1] CLIENT -> SERVER: Subject: =?iso-8859-1?B?xJDhurd0IEzhuqFpIE3huq10IEto4bqpdQ==?=

[1] CLIENT -> SERVER: Message-ID: <eoZ4XMNXzcB8vaKCQLNgSlL2olJY151t2RKjVwLVs@localhost>

[1] CLIENT -> SERVER: X-Mailer: PHPMailer 6.10.0 (https://github.com/PHPMailer/PHPMailer)

[1] CLIENT -> SERVER: MIME-Version: 1.0

[1] CLIENT -> SERVER: Content-Type: multipart/alternative;

[1] CLIENT -> SERVER:  boundary="b1=_eoZ4XMNXzcB8vaKCQLNgSlL2olJY151t2RKjVwLVs"

[1] CLIENT -> SERVER: Content-Transfer-Encoding: 8bit

[1] CLIENT -> SERVER: 

[1] CLIENT -> SERVER: --b1=_eoZ4XMNXzcB8vaKCQLNgSlL2olJY151t2RKjVwLVs

[1] CLIENT -> SERVER: Content-Type: text/plain; charset=iso-8859-1

[1] CLIENT -> SERVER: Content-Transfer-Encoding: 8bit

[1] CLIENT -> SERVER: 

[1] CLIENT -> SERVER: Nhấn vào liên kết sau để đặt lại mật khẩu: http://localhost/Finalweb/php/reset_password.php?token=f03e100df1cec6fadea8cf74d2eef69a

[1] CLIENT -> SERVER: 

[1] CLIENT -> SERVER: --b1=_eoZ4XMNXzcB8vaKCQLNgSlL2olJY151t2RKjVwLVs

[1] CLIENT -> SERVER: Content-Type: text/html; charset=iso-8859-1

[1] CLIENT -> SERVER: Content-Transfer-Encoding: 8bit

[1] CLIENT -> SERVER: 

[1] CLIENT -> SERVER: Nhấn vào liên kết sau để đặt lại mật khẩu: <a href='http://localhost/Finalweb/php/reset_password.php?token=f03e100df1cec6fadea8cf74d2eef69a'>http://localhost/Finalweb/php/reset_password.php?token=f03e100df1cec6fadea8cf74d2eef69a</a>

[1] CLIENT -> SERVER: 

[1] CLIENT -> SERVER: 

[1] CLIENT -> SERVER: --b1=_eoZ4XMNXzcB8vaKCQLNgSlL2olJY151t2RKjVwLVs--

[1] CLIENT -> SERVER: 

[1] CLIENT -> SERVER: .

[2] SERVER -> CLIENT: 250 2.0.0 OK  1745614647 d9443c01a7336-22db51026dfsm37291555ad.170 - gsmtp

[1] CLIENT -> SERVER: QUIT

[2] SERVER -> CLIENT: 221 2.0.0 closing connection d9443c01a7336-22db51026dfsm37291555ad.170 - gsmtp

[2] SERVER -> CLIENT: 220 smtp.gmail.com ESMTP d9443c01a7336-22db5216ba5sm37214035ad.222 - gsmtp

[1] CLIENT -> SERVER: EHLO localhost

[2] SERVER -> CLIENT: 250-smtp.gmail.com at your service, [2402:800:61a7:b0f9:b1c1:2584:5e4c:7342]
250-SIZE 35882577
250-8BITMIME
250-STARTTLS
250-ENHANCEDSTATUSCODES
250-PIPELINING
250-CHUNKING
250 SMTPUTF8

[1] CLIENT -> SERVER: STARTTLS

[2] SERVER -> CLIENT: 220 2.0.0 Ready to start TLS

[1] CLIENT -> SERVER: EHLO localhost

[2] SERVER -> CLIENT: 250-smtp.gmail.com at your service, [2402:800:61a7:b0f9:b1c1:2584:5e4c:7342]
250-SIZE 35882577
250-8BITMIME
250-AUTH LOGIN PLAIN XOAUTH2 PLAIN-CLIENTTOKEN OAUTHBEARER XOAUTH
250-ENHANCEDSTATUSCODES
250-PIPELINING
250-CHUNKING
250 SMTPUTF8

[1] CLIENT -> SERVER: AUTH LOGIN

[2] SERVER -> CLIENT: 334 VXNlcm5hbWU6

[1] CLIENT -> SERVER: [credentials hidden]
[2] SERVER -> CLIENT: 334 UGFzc3dvcmQ6

[1] CLIENT -> SERVER: [credentials hidden]
[2] SERVER -> CLIENT: 235 2.7.0 Accepted

[1] CLIENT -> SERVER: MAIL FROM:<zedt01022004@gmail.com>

[2] SERVER -> CLIENT: 250 2.1.0 OK d9443c01a7336-22db5216ba5sm37214035ad.222 - gsmtp

[1] CLIENT -> SERVER: RCPT TO:<zedt01022004@gmail.com>

[2] SERVER -> CLIENT: 250 2.1.5 OK d9443c01a7336-22db5216ba5sm37214035ad.222 - gsmtp

[1] CLIENT -> SERVER: DATA

[2] SERVER -> CLIENT: 354 Go ahead d9443c01a7336-22db5216ba5sm37214035ad.222 - gsmtp

[1] CLIENT -> SERVER: Date: Fri, 25 Apr 2025 22:57:28 +0200

[1] CLIENT -> SERVER: To: zedt01022004@gmail.com

[1] CLIENT -> SERVER: From: =?iso-8859-1?B?Q+G7rWEgSMOgbmc=?= <zedt01022004@gmail.com>

[1] CLIENT -> SERVER: Subject: =?iso-8859-1?B?xJDhurd0IEzhuqFpIE3huq10IEto4bqpdQ==?=

[1] CLIENT -> SERVER: Message-ID: <bXbyEn0kxWo8t34UvcWKMF4LvsZ4GqUk5OyxnSM@localhost>

[1] CLIENT -> SERVER: X-Mailer: PHPMailer 6.10.0 (https://github.com/PHPMailer/PHPMailer)

[1] CLIENT -> SERVER: MIME-Version: 1.0

[1] CLIENT -> SERVER: Content-Type: multipart/alternative;

[1] CLIENT -> SERVER:  boundary="b1=_bXbyEn0kxWo8t34UvcWKMF4LvsZ4GqUk5OyxnSM"

[1] CLIENT -> SERVER: Content-Transfer-Encoding: 8bit

[1] CLIENT -> SERVER: 

[1] CLIENT -> SERVER: --b1=_bXbyEn0kxWo8t34UvcWKMF4LvsZ4GqUk5OyxnSM

[1] CLIENT -> SERVER: Content-Type: text/plain; charset=iso-8859-1

[1] CLIENT -> SERVER: Content-Transfer-Encoding: 8bit

[1] CLIENT -> SERVER: 

[1] CLIENT -> SERVER: Nhấn vào liên kết sau để đặt lại mật khẩu: http://localhost/Finalweb/php/reset_password.php?token=10441fab1aefcd06a1cf8bb8c47e6af8

[1] CLIENT -> SERVER: 

[1] CLIENT -> SERVER: --b1=_bXbyEn0kxWo8t34UvcWKMF4LvsZ4GqUk5OyxnSM

[1] CLIENT -> SERVER: Content-Type: text/html; charset=iso-8859-1

[1] CLIENT -> SERVER: Content-Transfer-Encoding: 8bit

[1] CLIENT -> SERVER: 

[1] CLIENT -> SERVER: Nhấn vào liên kết sau để đặt lại mật khẩu: <a href='http://localhost/Finalweb/php/reset_password.php?token=10441fab1aefcd06a1cf8bb8c47e6af8'>http://localhost/Finalweb/php/reset_password.php?token=10441fab1aefcd06a1cf8bb8c47e6af8</a>

[1] CLIENT -> SERVER: 

[1] CLIENT -> SERVER: 

[1] CLIENT -> SERVER: --b1=_bXbyEn0kxWo8t34UvcWKMF4LvsZ4GqUk5OyxnSM--

[1] CLIENT -> SERVER: 

[1] CLIENT -> SERVER: .

[2] SERVER -> CLIENT: 250 2.0.0 OK  1745614652 d9443c01a7336-22db5216ba5sm37214035ad.222 - gsmtp

[1] CLIENT -> SERVER: QUIT

[2] SERVER -> CLIENT: 221 2.0.0 closing connection d9443c01a7336-22db5216ba5sm37214035ad.222 - gsmtp

